<?xml version="1.0" encoding="UTF-8"?>
<!-- Generated by org.testng.reporters.JUnitReportReporter -->
<testsuite hostname="DESKTOP-HJUS9FO" failures="0" tests="1" name="testScripts.SubCategoryTest" time="6.784" errors="0" timestamp="2024-12-16T17:00:12 IST" skipped="0">
  <testcase classname="testScripts.SubCategoryTest" name="deleteOneRoweFromSubCategory" time="6.784"/>
</testsuite> <!-- testScripts.SubCategoryTest -->
