<?xml version="1.0" encoding="UTF-8"?>
<!-- Generated by org.testng.reporters.JUnitReportReporter -->
<testsuite hostname="DESKTOP-HJUS9FO" failures="0" tests="1" name="testScripts.LoginTest" time="9.997" errors="0" timestamp="2024-12-18T12:55:21 IST" skipped="0">
  <testcase classname="testScripts.LoginTest" name="verifyTheUserIsAbleToLoginUsingValidCredentials" time="9.997"/>
</testsuite> <!-- testScripts.LoginTest -->
