<?xml version="1.0" encoding="UTF-8"?>
<!-- Generated by org.testng.reporters.JUnitReportReporter -->
<testsuite hostname="DESKTOP-HJUS9FO" failures="0" tests="1" name="testScripts.ManageFooterTextTest" time="8.306" errors="0" timestamp="2024-12-09T13:16:03 IST" skipped="0">
  <testcase classname="testScripts.ManageFooterTextTest" name="UpdateDetailsInManageFooterTextTab" time="8.306"/>
</testsuite> <!-- testScripts.ManageFooterTextTest -->
