<?xml version="1.0" encoding="UTF-8"?>
<!-- Generated by org.testng.reporters.JUnitReportReporter -->
<testsuite hostname="DESKTOP-HJUS9FO" failures="0" tests="1" name="testScripts.ManageProductTest" time="8.837" errors="0" timestamp="2024-12-16T18:17:33 IST" skipped="0">
  <testcase classname="testScripts.ManageProductTest" name="CheckWhetherAlertIsPresentInManageProduct" time="8.837"/>
</testsuite> <!-- testScripts.ManageProductTest -->
