<?xml version="1.0" encoding="UTF-8"?>
<!-- Generated by org.testng.reporters.JUnitReportReporter -->
<testsuite hostname="DESKTOP-HJUS9FO" failures="0" tests="1" name="testScripts.ManageContactTest" time="7.757" errors="0" timestamp="2024-12-11T20:28:59 IST" skipped="0">
  <testcase classname="testScripts.ManageContactTest" name="UpdateManageContactDetails" time="7.757"/>
</testsuite> <!-- testScripts.ManageContactTest -->
