<?xml version="1.0" encoding="UTF-8"?>
<!-- Generated by org.testng.reporters.JUnitReportReporter -->
<testsuite hostname="DESKTOP-HJUS9FO" failures="0" tests="1" name="testScripts.AdminUsersTest" time="12.606" errors="0" timestamp="2024-12-07T17:01:50 IST" skipped="0">
  <testcase classname="testScripts.AdminUsersTest" name="VerifyAdminCanAddDetailsInAdminUserPage" time="12.606"/>
</testsuite> <!-- testScripts.AdminUsersTest -->
